ARM GAS  C:\Users\saksh\AppData\Local\Temp\cccJjV2N.s 			page 1


   1              		.syntax unified
   2              		.cpu cortex-m3
   3              		.fpu softvfp
   4              		.eabi_attribute 20, 1
   5              		.eabi_attribute 21, 1
   6              		.eabi_attribute 23, 3
   7              		.eabi_attribute 24, 1
   8              		.eabi_attribute 25, 1
   9              		.eabi_attribute 26, 1
  10              		.eabi_attribute 30, 1
  11              		.eabi_attribute 34, 1
  12              		.eabi_attribute 18, 4
  13              		.thumb
  14              		.syntax unified
  15              		.file	"main.c"
  16              		.text
  17              	.Ltext0:
  18              		.cfi_sections	.debug_frame
  19              		.section	.text.checkInput,"ax",%progbits
  20              		.align	2
  21              		.global	checkInput
  22              		.thumb
  23              		.thumb_func
  24              		.type	checkInput, %function
  25              	checkInput:
  26              	.LFB63:
  27              		.file 1 "main.c"
   1:main.c        **** #include "project.h"
   2:main.c        **** #include "stdlib.h"
   3:main.c        **** 
   4:main.c        **** #define LED_ON 1u
   5:main.c        **** #define LED_OFF 0u
   6:main.c        **** 
   7:main.c        **** #define INITIAL_LEVEL 1
   8:main.c        **** 
   9:main.c        **** // Function to check if the player's input matches the pattern
  10:main.c        **** int checkInput(int arr[], int level) {
  28              		.loc 1 10 0
  29              		.cfi_startproc
  30              		@ args = 0, pretend = 0, frame = 0
  31              		@ frame_needed = 0, uses_anonymous_args = 0
  32              	.LVL0:
  33 0000 F8B5     		push	{r3, r4, r5, r6, r7, lr}
  34              		.cfi_def_cfa_offset 24
  35              		.cfi_offset 3, -24
  36              		.cfi_offset 4, -20
  37              		.cfi_offset 5, -16
  38              		.cfi_offset 6, -12
  39              		.cfi_offset 7, -8
  40              		.cfi_offset 14, -4
  41 0002 0746     		mov	r7, r0
  42 0004 0E46     		mov	r6, r1
  43              	.LVL1:
  11:main.c        ****     int inputIndex = 0;
  44              		.loc 1 11 0
  45 0006 0024     		movs	r4, #0
  12:main.c        ****    
ARM GAS  C:\Users\saksh\AppData\Local\Temp\cccJjV2N.s 			page 2


  13:main.c        ****     while (inputIndex < level) {
  46              		.loc 1 13 0
  47 0008 3FE0     		b	.L2
  48              	.LVL2:
  49              	.L7:
  50              	.LBB2:
  14:main.c        ****         // Check whether the scanning of all enabled widgets is completed.
  15:main.c        ****         if (0u == CapSense_IsBusy()) {
  51              		.loc 1 15 0
  52 000a FFF7FEFF 		bl	CapSense_IsBusy
  53              	.LVL3:
  54 000e 18B9     		cbnz	r0, .L3
  16:main.c        ****             // Update all baselines
  17:main.c        ****             CapSense_UpdateEnabledBaselines();
  55              		.loc 1 17 0
  56 0010 FFF7FEFF 		bl	CapSense_UpdateEnabledBaselines
  57              	.LVL4:
  18:main.c        ****             // Start scanning all enabled sensors
  19:main.c        ****             CapSense_ScanEnabledWidgets();
  58              		.loc 1 19 0
  59 0014 FFF7FEFF 		bl	CapSense_ScanEnabledWidgets
  60              	.LVL5:
  61              	.L3:
  20:main.c        ****         }
  21:main.c        ****  uint8 rb;
  22:main.c        ****     uint8 lb;
  23:main.c        ****     rb = CapSense_CheckIsWidgetActive(CapSense_BUTTON0__BTN);
  62              		.loc 1 23 0
  63 0018 0020     		movs	r0, #0
  64 001a FFF7FEFF 		bl	CapSense_CheckIsWidgetActive
  65              	.LVL6:
  66 001e 0546     		mov	r5, r0
  67              	.LVL7:
  24:main.c        ****     lb = CapSense_CheckIsWidgetActive(CapSense_BUTTON1__BTN);
  68              		.loc 1 24 0
  69 0020 0120     		movs	r0, #1
  70 0022 FFF7FEFF 		bl	CapSense_CheckIsWidgetActive
  71              	.LVL8:
  25:main.c        ****             if (rb) {
  72              		.loc 1 25 0
  73 0026 BDB1     		cbz	r5, .L4
  26:main.c        ****                 // Button 0
  27:main.c        ****                 if (arr[inputIndex] != 0) {
  74              		.loc 1 27 0
  75 0028 57F82430 		ldr	r3, [r7, r4, lsl #2]
  76 002c 8BBB     		cbnz	r3, .L8
  28:main.c        ****                     return 0; // Incorrect
  29:main.c        ****                 }
  30:main.c        ****                 LED1_Write(LED_ON);
  77              		.loc 1 30 0
  78 002e 0120     		movs	r0, #1
  79              	.LVL9:
  80 0030 FFF7FEFF 		bl	LED1_Write
  81              	.LVL10:
  31:main.c        ****                 CyDelay(500);
  82              		.loc 1 31 0
  83 0034 4FF4FA70 		mov	r0, #500
ARM GAS  C:\Users\saksh\AppData\Local\Temp\cccJjV2N.s 			page 3


  84 0038 FFF7FEFF 		bl	CyDelay
  85              	.LVL11:
  32:main.c        ****                 LED1_Write(LED_OFF);
  86              		.loc 1 32 0
  87 003c 0020     		movs	r0, #0
  88 003e FFF7FEFF 		bl	LED1_Write
  89              	.LVL12:
  33:main.c        ****                 CyDelay(500);
  90              		.loc 1 33 0
  91 0042 4FF4FA70 		mov	r0, #500
  92 0046 FFF7FEFF 		bl	CyDelay
  93              	.LVL13:
  34:main.c        ****                 inputIndex++;
  94              		.loc 1 34 0
  95 004a 0134     		adds	r4, r4, #1
  96              	.LVL14:
  35:main.c        ****                 CyDelay(100); // Delay to prevent multiple inputs from a single press
  97              		.loc 1 35 0
  98 004c 6420     		movs	r0, #100
  99 004e FFF7FEFF 		bl	CyDelay
 100              	.LVL15:
  36:main.c        ****                 CapSense_InitializeAllBaselines();
 101              		.loc 1 36 0
 102 0052 FFF7FEFF 		bl	CapSense_InitializeAllBaselines
 103              	.LVL16:
 104 0056 18E0     		b	.L2
 105              	.LVL17:
 106              	.L4:
  37:main.c        ****             } else if (lb) {
 107              		.loc 1 37 0
 108 0058 B8B1     		cbz	r0, .L2
  38:main.c        ****                 // Button 1
  39:main.c        ****                 if (arr[inputIndex] != 1) {
 109              		.loc 1 39 0
 110 005a 57F82430 		ldr	r3, [r7, r4, lsl #2]
 111 005e 012B     		cmp	r3, #1
 112 0060 19D1     		bne	.L9
  40:main.c        ****                     return 0; // Incorrect
  41:main.c        ****                 }
  42:main.c        ****                 LED2_Write(LED_ON);
 113              		.loc 1 42 0
 114 0062 0120     		movs	r0, #1
 115              	.LVL18:
 116 0064 FFF7FEFF 		bl	LED2_Write
 117              	.LVL19:
  43:main.c        ****                 CyDelay(500);
 118              		.loc 1 43 0
 119 0068 4FF4FA70 		mov	r0, #500
 120 006c FFF7FEFF 		bl	CyDelay
 121              	.LVL20:
  44:main.c        ****                 LED2_Write(LED_OFF);
 122              		.loc 1 44 0
 123 0070 0020     		movs	r0, #0
 124 0072 FFF7FEFF 		bl	LED2_Write
 125              	.LVL21:
  45:main.c        ****                 CyDelay(500);
 126              		.loc 1 45 0
ARM GAS  C:\Users\saksh\AppData\Local\Temp\cccJjV2N.s 			page 4


 127 0076 4FF4FA70 		mov	r0, #500
 128 007a FFF7FEFF 		bl	CyDelay
 129              	.LVL22:
  46:main.c        ****                 inputIndex++;
 130              		.loc 1 46 0
 131 007e 0134     		adds	r4, r4, #1
 132              	.LVL23:
  47:main.c        ****                 CyDelay(100); // Delay to prevent multiple inputs from a single press
 133              		.loc 1 47 0
 134 0080 6420     		movs	r0, #100
 135 0082 FFF7FEFF 		bl	CyDelay
 136              	.LVL24:
  48:main.c        ****                 CapSense_InitializeAllBaselines();
 137              		.loc 1 48 0
 138 0086 FFF7FEFF 		bl	CapSense_InitializeAllBaselines
 139              	.LVL25:
 140              	.L2:
 141              	.LBE2:
  13:main.c        ****         // Check whether the scanning of all enabled widgets is completed.
 142              		.loc 1 13 0
 143 008a B442     		cmp	r4, r6
 144 008c BDDB     		blt	.L7
  49:main.c        ****             }
  50:main.c        ****         }
  51:main.c        ****     return 1; // Correct input
 145              		.loc 1 51 0
 146 008e 0120     		movs	r0, #1
 147 0090 F8BD     		pop	{r3, r4, r5, r6, r7, pc}
 148              	.LVL26:
 149              	.L8:
 150              	.LBB3:
  28:main.c        ****                 }
 151              		.loc 1 28 0
 152 0092 0020     		movs	r0, #0
 153              	.LVL27:
 154 0094 F8BD     		pop	{r3, r4, r5, r6, r7, pc}
 155              	.LVL28:
 156              	.L9:
  40:main.c        ****                 }
 157              		.loc 1 40 0
 158 0096 0020     		movs	r0, #0
 159              	.LVL29:
 160              	.LBE3:
  52:main.c        **** }
 161              		.loc 1 52 0
 162 0098 F8BD     		pop	{r3, r4, r5, r6, r7, pc}
 163              		.cfi_endproc
 164              	.LFE63:
 165              		.size	checkInput, .-checkInput
 166 009a 00BF     		.section	.text.main,"ax",%progbits
 167              		.align	2
 168              		.global	main
 169              		.thumb
 170              		.thumb_func
 171              		.type	main, %function
 172              	main:
 173              	.LFB64:
ARM GAS  C:\Users\saksh\AppData\Local\Temp\cccJjV2N.s 			page 5


  53:main.c        **** 
  54:main.c        **** int main(void) {
 174              		.loc 1 54 0
 175              		.cfi_startproc
 176              		@ args = 0, pretend = 0, frame = 400
 177              		@ frame_needed = 0, uses_anonymous_args = 0
 178 0000 70B5     		push	{r4, r5, r6, lr}
 179              		.cfi_def_cfa_offset 16
 180              		.cfi_offset 4, -16
 181              		.cfi_offset 5, -12
 182              		.cfi_offset 6, -8
 183              		.cfi_offset 14, -4
 184 0002 E4B0     		sub	sp, sp, #400
 185              		.cfi_def_cfa_offset 416
  55:main.c        ****     CyGlobalIntEnable; /* Enable global interrupts. */
 186              		.loc 1 55 0
 187              		.syntax unified
 188              	@ 55 "main.c" 1
 189 0004 62B6     		CPSIE   i
 190              	@ 0 "" 2
 191              	.LVL30:
  56:main.c        ****     int levelCount = INITIAL_LEVEL;
  57:main.c        ****     int score = 0;
  58:main.c        ****     int score1 = 0;
  59:main.c        ****     int score2 = 0;
  60:main.c        ****     /* Place your initialization/startup code here (e.g. MyInst_Start()) */
  61:main.c        ****     LCD_Start();
 192              		.loc 1 61 0
 193              		.thumb
 194              		.syntax unified
 195 0006 FFF7FEFF 		bl	LCD_Start
 196              	.LVL31:
  62:main.c        ****     CapSense_Start();
 197              		.loc 1 62 0
 198 000a FFF7FEFF 		bl	CapSense_Start
 199              	.LVL32:
 200              	.LBB4:
  63:main.c        ****     
  64:main.c        ****     for(int j=0;j<2;j++){
  65:main.c        ****         score=0;
 201              		.loc 1 65 0
 202 000e 0026     		movs	r6, #0
 203              	.LBE4:
  56:main.c        ****     int score = 0;
 204              		.loc 1 56 0
 205 0010 0125     		movs	r5, #1
 206              	.LVL33:
 207              	.L19:
 208              	.LBB8:
 209              	.LBB5:
  66:main.c        ****     for (;;) {   
  67:main.c        ****             LCD_Position(0,0);
 210              		.loc 1 67 0
 211 0012 0021     		movs	r1, #0
 212 0014 0846     		mov	r0, r1
 213 0016 FFF7FEFF 		bl	LCD_Position
 214              	.LVL34:
ARM GAS  C:\Users\saksh\AppData\Local\Temp\cccJjV2N.s 			page 6


  68:main.c        ****             if(j==0){
  69:main.c        ****             LCD_PrintString("Player1");
 215              		.loc 1 69 0
 216 001a 3248     		ldr	r0, .L21
 217 001c FFF7FEFF 		bl	LCD_PrintString
 218              	.LVL35:
  70:main.c        ****             }else{
  71:main.c        ****             LCD_PrintString("Player2");
  72:main.c        ****             }
  73:main.c        ****         CapSense_InitializeAllBaselines();
 219              		.loc 1 73 0
 220 0020 FFF7FEFF 		bl	CapSense_InitializeAllBaselines
 221              	.LVL36:
 222              	.LBB6:
  74:main.c        ****         int level = levelCount;
  75:main.c        ****         int arr[100]; // Fix the array size to prevent stack overflow
  76:main.c        ****         /* Generate random pattern */
  77:main.c        ****         for (int i = 0; i < level; i++) {
 223              		.loc 1 77 0
 224 0024 0024     		movs	r4, #0
 225 0026 29E0     		b	.L12
 226              	.LVL37:
 227              	.L16:
 228              	.LBB7:
  78:main.c        ****             int randomNum = rand() % 2;
 229              		.loc 1 78 0
 230 0028 FFF7FEFF 		bl	rand
 231              	.LVL38:
 232 002c 2E4B     		ldr	r3, .L21+4
 233 002e 1840     		ands	r0, r0, r3
 234 0030 03D5     		bpl	.L13
 235 0032 0138     		subs	r0, r0, #1
 236 0034 60F00100 		orn	r0, r0, #1
 237 0038 0130     		adds	r0, r0, #1
 238              	.L13:
 239              	.LVL39:
  79:main.c        ****             arr[i] = randomNum;
 240              		.loc 1 79 0
 241 003a 4DF82400 		str	r0, [sp, r4, lsl #2]
  80:main.c        ****             if (randomNum == 0) {
 242              		.loc 1 80 0
 243 003e 70B9     		cbnz	r0, .L14
  81:main.c        ****                 LED1_Write(LED_ON);
 244              		.loc 1 81 0
 245 0040 0120     		movs	r0, #1
 246              	.LVL40:
 247 0042 FFF7FEFF 		bl	LED1_Write
 248              	.LVL41:
  82:main.c        ****                 CyDelay(500);
 249              		.loc 1 82 0
 250 0046 4FF4FA70 		mov	r0, #500
 251 004a FFF7FEFF 		bl	CyDelay
 252              	.LVL42:
  83:main.c        ****                 LED1_Write(LED_OFF);
 253              		.loc 1 83 0
 254 004e 0020     		movs	r0, #0
 255 0050 FFF7FEFF 		bl	LED1_Write
ARM GAS  C:\Users\saksh\AppData\Local\Temp\cccJjV2N.s 			page 7


 256              	.LVL43:
  84:main.c        ****                 CyDelay(500);
 257              		.loc 1 84 0
 258 0054 4FF4FA70 		mov	r0, #500
 259 0058 FFF7FEFF 		bl	CyDelay
 260              	.LVL44:
 261 005c 0DE0     		b	.L15
 262              	.LVL45:
 263              	.L14:
  85:main.c        ****             } else {
  86:main.c        ****                 LED2_Write(LED_ON);
 264              		.loc 1 86 0
 265 005e 0120     		movs	r0, #1
 266              	.LVL46:
 267 0060 FFF7FEFF 		bl	LED2_Write
 268              	.LVL47:
  87:main.c        ****                 CyDelay(500);
 269              		.loc 1 87 0
 270 0064 4FF4FA70 		mov	r0, #500
 271 0068 FFF7FEFF 		bl	CyDelay
 272              	.LVL48:
  88:main.c        ****                 LED2_Write(LED_OFF);
 273              		.loc 1 88 0
 274 006c 0020     		movs	r0, #0
 275 006e FFF7FEFF 		bl	LED2_Write
 276              	.LVL49:
  89:main.c        ****                 CyDelay(500);
 277              		.loc 1 89 0
 278 0072 4FF4FA70 		mov	r0, #500
 279 0076 FFF7FEFF 		bl	CyDelay
 280              	.LVL50:
 281              	.L15:
 282              	.LBE7:
  77:main.c        ****             int randomNum = rand() % 2;
 283              		.loc 1 77 0 discriminator 2
 284 007a 0134     		adds	r4, r4, #1
 285              	.LVL51:
 286              	.L12:
  77:main.c        ****             int randomNum = rand() % 2;
 287              		.loc 1 77 0 is_stmt 0 discriminator 1
 288 007c A542     		cmp	r5, r4
 289 007e D3DC     		bgt	.L16
 290              	.LBE6:
  90:main.c        ****             }
  91:main.c        ****         }
  92:main.c        ****         /* Check player input */
  93:main.c        ****         //
  94:main.c        ****         if(checkInput(arr, level)) {
 291              		.loc 1 94 0 is_stmt 1
 292 0080 2946     		mov	r1, r5
 293 0082 6846     		mov	r0, sp
 294 0084 FFF7FEFF 		bl	checkInput
 295              	.LVL52:
 296 0088 80B1     		cbz	r0, .L17
  95:main.c        ****             score++;
 297              		.loc 1 95 0
 298 008a 0136     		adds	r6, r6, #1
ARM GAS  C:\Users\saksh\AppData\Local\Temp\cccJjV2N.s 			page 8


 299              	.LVL53:
  96:main.c        ****             LCD_Position(0, 0);
 300              		.loc 1 96 0
 301 008c 0021     		movs	r1, #0
 302 008e 0846     		mov	r0, r1
 303 0090 FFF7FEFF 		bl	LCD_Position
 304              	.LVL54:
  97:main.c        ****             LCD_PrintString("Score:");
 305              		.loc 1 97 0
 306 0094 1548     		ldr	r0, .L21+8
 307 0096 FFF7FEFF 		bl	LCD_PrintString
 308              	.LVL55:
  98:main.c        ****             LCD_PrintNumber(score);
 309              		.loc 1 98 0
 310 009a B0B2     		uxth	r0, r6
 311 009c FFF7FEFF 		bl	LCD_PrintU32Number
 312              	.LVL56:
  99:main.c        ****             CyDelay(1000);
 313              		.loc 1 99 0
 314 00a0 4FF47A70 		mov	r0, #1000
 315 00a4 FFF7FEFF 		bl	CyDelay
 316              	.LVL57:
 100:main.c        ****             levelCount++;
 317              		.loc 1 100 0
 318 00a8 0135     		adds	r5, r5, #1
 319              	.LVL58:
 320 00aa B2E7     		b	.L19
 321              	.LVL59:
 322              	.L17:
 101:main.c        ****         }else{
 102:main.c        ****             // Game over, reset level count and score
 103:main.c        ****             if(j==0){
 104:main.c        ****             score1 = score;
 105:main.c        ****             }else{
 106:main.c        ****             score2=score;
 107:main.c        ****             }
 108:main.c        ****             LCD_Position(0, 0);
 323              		.loc 1 108 0
 324 00ac 0021     		movs	r1, #0
 325 00ae 0846     		mov	r0, r1
 326 00b0 FFF7FEFF 		bl	LCD_Position
 327              	.LVL60:
 109:main.c        ****             LCD_PrintString("Game Over!");
 328              		.loc 1 109 0
 329 00b4 0E48     		ldr	r0, .L21+12
 330 00b6 FFF7FEFF 		bl	LCD_PrintString
 331              	.LVL61:
 110:main.c        ****             LCD_Position(1, 0);
 332              		.loc 1 110 0
 333 00ba 0021     		movs	r1, #0
 334 00bc 0120     		movs	r0, #1
 335 00be FFF7FEFF 		bl	LCD_Position
 336              	.LVL62:
 111:main.c        ****             LCD_PrintString("Score:");
 337              		.loc 1 111 0
 338 00c2 0A48     		ldr	r0, .L21+8
 339 00c4 FFF7FEFF 		bl	LCD_PrintString
ARM GAS  C:\Users\saksh\AppData\Local\Temp\cccJjV2N.s 			page 9


 340              	.LVL63:
 112:main.c        ****             LCD_PrintNumber(score);
 341              		.loc 1 112 0
 342 00c8 B0B2     		uxth	r0, r6
 343 00ca FFF7FEFF 		bl	LCD_PrintU32Number
 344              	.LVL64:
 113:main.c        ****             levelCount = INITIAL_LEVEL;
 114:main.c        ****             score = 0;
 115:main.c        ****             CyDelay(5000); // Delay to display "Game Over!" message for 5 seconds
 345              		.loc 1 115 0
 346 00ce 41F28830 		movw	r0, #5000
 347 00d2 FFF7FEFF 		bl	CyDelay
 348              	.LVL65:
 116:main.c        ****             LCD_ClearDisplay(); // Clear LCD after delay
 349              		.loc 1 116 0
 350 00d6 0120     		movs	r0, #1
 351 00d8 FFF7FEFF 		bl	LCD_WriteControl
 352              	.LVL66:
 114:main.c        ****             CyDelay(5000); // Delay to display "Game Over!" message for 5 seconds
 353              		.loc 1 114 0
 354 00dc 0026     		movs	r6, #0
 355              	.LVL67:
 113:main.c        ****             levelCount = INITIAL_LEVEL;
 356              		.loc 1 113 0
 357 00de 0125     		movs	r5, #1
 358              	.LVL68:
 359              	.LBE5:
 117:main.c        ****         }
 118:main.c        ****     }
 360              		.loc 1 118 0
 361 00e0 97E7     		b	.L19
 362              	.L22:
 363 00e2 00BF     		.align	2
 364              	.L21:
 365 00e4 00000000 		.word	.LC0
 366 00e8 01000080 		.word	-2147483647
 367 00ec 08000000 		.word	.LC1
 368 00f0 10000000 		.word	.LC2
 369              	.LBE8:
 370              		.cfi_endproc
 371              	.LFE64:
 372              		.size	main, .-main
 373              		.section	.rodata.str1.4,"aMS",%progbits,1
 374              		.align	2
 375              	.LC0:
 376 0000 506C6179 		.ascii	"Player1\000"
 376      65723100 
 377              	.LC1:
 378 0008 53636F72 		.ascii	"Score:\000"
 378      653A00
 379 000f 00       		.space	1
 380              	.LC2:
 381 0010 47616D65 		.ascii	"Game Over!\000"
 381      204F7665 
 381      722100
 382              		.text
 383              	.Letext0:
ARM GAS  C:\Users\saksh\AppData\Local\Temp\cccJjV2N.s 			page 10


 384              		.file 2 "c:\\program files (x86)\\cypress\\psoc creator\\4.4\\psoc creator\\import\\gnu\\arm\\5.4.
 385              		.file 3 "c:\\program files (x86)\\cypress\\psoc creator\\4.4\\psoc creator\\import\\gnu\\arm\\5.4.
 386              		.file 4 "Generated_Source\\PSoC5/cytypes.h"
 387              		.file 5 "Generated_Source\\PSoC5/CapSense.h"
 388              		.file 6 "Generated_Source\\PSoC5/CapSense_CSHL.h"
 389              		.file 7 "Generated_Source\\PSoC5/LED1.h"
 390              		.file 8 "Generated_Source\\PSoC5/CyLib.h"
 391              		.file 9 "Generated_Source\\PSoC5/LED2.h"
 392              		.file 10 "c:\\program files (x86)\\cypress\\psoc creator\\4.4\\psoc creator\\import\\gnu\\arm\\5.4
 393              		.file 11 "Generated_Source\\PSoC5/LCD.h"
 394              		.file 12 "Generated_Source\\PSoC5/core_cm3.h"
 395              		.section	.debug_info,"",%progbits
 396              	.Ldebug_info0:
 397 0000 CB050000 		.4byte	0x5cb
 398 0004 0400     		.2byte	0x4
 399 0006 00000000 		.4byte	.Ldebug_abbrev0
 400 000a 04       		.byte	0x4
 401 000b 01       		.uleb128 0x1
 402 000c 74000000 		.4byte	.LASF40
 403 0010 0C       		.byte	0xc
 404 0011 04020000 		.4byte	.LASF41
 405 0015 5A020000 		.4byte	.LASF42
 406 0019 30000000 		.4byte	.Ldebug_ranges0+0x30
 407 001d 00000000 		.4byte	0
 408 0021 00000000 		.4byte	.Ldebug_line0
 409 0025 02       		.uleb128 0x2
 410 0026 01       		.byte	0x1
 411 0027 06       		.byte	0x6
 412 0028 CB020000 		.4byte	.LASF0
 413 002c 02       		.uleb128 0x2
 414 002d 01       		.byte	0x1
 415 002e 08       		.byte	0x8
 416 002f 66000000 		.4byte	.LASF1
 417 0033 02       		.uleb128 0x2
 418 0034 02       		.byte	0x2
 419 0035 05       		.byte	0x5
 420 0036 30020000 		.4byte	.LASF2
 421 003a 02       		.uleb128 0x2
 422 003b 02       		.byte	0x2
 423 003c 07       		.byte	0x7
 424 003d 2E000000 		.4byte	.LASF3
 425 0041 03       		.uleb128 0x3
 426 0042 19000000 		.4byte	.LASF9
 427 0046 02       		.byte	0x2
 428 0047 3F       		.byte	0x3f
 429 0048 4C000000 		.4byte	0x4c
 430 004c 02       		.uleb128 0x2
 431 004d 04       		.byte	0x4
 432 004e 05       		.byte	0x5
 433 004f 51020000 		.4byte	.LASF4
 434 0053 02       		.uleb128 0x2
 435 0054 04       		.byte	0x4
 436 0055 07       		.byte	0x7
 437 0056 1D010000 		.4byte	.LASF5
 438 005a 02       		.uleb128 0x2
 439 005b 08       		.byte	0x8
 440 005c 05       		.byte	0x5
ARM GAS  C:\Users\saksh\AppData\Local\Temp\cccJjV2N.s 			page 11


 441 005d 00000000 		.4byte	.LASF6
 442 0061 02       		.uleb128 0x2
 443 0062 08       		.byte	0x8
 444 0063 07       		.byte	0x7
 445 0064 96010000 		.4byte	.LASF7
 446 0068 04       		.uleb128 0x4
 447 0069 04       		.byte	0x4
 448 006a 05       		.byte	0x5
 449 006b 696E7400 		.ascii	"int\000"
 450 006f 02       		.uleb128 0x2
 451 0070 04       		.byte	0x4
 452 0071 07       		.byte	0x7
 453 0072 89010000 		.4byte	.LASF8
 454 0076 03       		.uleb128 0x3
 455 0077 CD010000 		.4byte	.LASF10
 456 007b 03       		.byte	0x3
 457 007c 2C       		.byte	0x2c
 458 007d 41000000 		.4byte	0x41
 459 0081 05       		.uleb128 0x5
 460 0082 3A020000 		.4byte	.LASF11
 461 0086 04       		.byte	0x4
 462 0087 E801     		.2byte	0x1e8
 463 0089 2C000000 		.4byte	0x2c
 464 008d 05       		.uleb128 0x5
 465 008e 75010000 		.4byte	.LASF12
 466 0092 04       		.byte	0x4
 467 0093 E901     		.2byte	0x1e9
 468 0095 3A000000 		.4byte	0x3a
 469 0099 02       		.uleb128 0x2
 470 009a 04       		.byte	0x4
 471 009b 04       		.byte	0x4
 472 009c 56000000 		.4byte	.LASF13
 473 00a0 02       		.uleb128 0x2
 474 00a1 08       		.byte	0x8
 475 00a2 04       		.byte	0x4
 476 00a3 3D010000 		.4byte	.LASF14
 477 00a7 02       		.uleb128 0x2
 478 00a8 01       		.byte	0x1
 479 00a9 08       		.byte	0x8
 480 00aa 0B020000 		.4byte	.LASF15
 481 00ae 02       		.uleb128 0x2
 482 00af 08       		.byte	0x8
 483 00b0 04       		.byte	0x4
 484 00b1 A2020000 		.4byte	.LASF16
 485 00b5 02       		.uleb128 0x2
 486 00b6 04       		.byte	0x4
 487 00b7 07       		.byte	0x7
 488 00b8 D5010000 		.4byte	.LASF17
 489 00bc 06       		.uleb128 0x6
 490 00bd 23000000 		.4byte	.LASF43
 491 00c1 01       		.byte	0x1
 492 00c2 0A       		.byte	0xa
 493 00c3 68000000 		.4byte	0x68
 494 00c7 00000000 		.4byte	.LFB63
 495 00cb 9A000000 		.4byte	.LFE63-.LFB63
 496 00cf 01       		.uleb128 0x1
 497 00d0 9C       		.byte	0x9c
ARM GAS  C:\Users\saksh\AppData\Local\Temp\cccJjV2N.s 			page 12


 498 00d1 40020000 		.4byte	0x240
 499 00d5 07       		.uleb128 0x7
 500 00d6 61727200 		.ascii	"arr\000"
 501 00da 01       		.byte	0x1
 502 00db 0A       		.byte	0xa
 503 00dc 40020000 		.4byte	0x240
 504 00e0 00000000 		.4byte	.LLST0
 505 00e4 08       		.uleb128 0x8
 506 00e5 FE010000 		.4byte	.LASF18
 507 00e9 01       		.byte	0x1
 508 00ea 0A       		.byte	0xa
 509 00eb 68000000 		.4byte	0x68
 510 00ef 1E000000 		.4byte	.LLST1
 511 00f3 09       		.uleb128 0x9
 512 00f4 12010000 		.4byte	.LASF19
 513 00f8 01       		.byte	0x1
 514 00f9 0B       		.byte	0xb
 515 00fa 68000000 		.4byte	0x68
 516 00fe 3C000000 		.4byte	.LLST2
 517 0102 0A       		.uleb128 0xa
 518 0103 00000000 		.4byte	.Ldebug_ranges0+0
 519 0107 0B       		.uleb128 0xb
 520 0108 726200   		.ascii	"rb\000"
 521 010b 01       		.byte	0x1
 522 010c 15       		.byte	0x15
 523 010d 81000000 		.4byte	0x81
 524 0111 5B000000 		.4byte	.LLST3
 525 0115 0B       		.uleb128 0xb
 526 0116 6C6200   		.ascii	"lb\000"
 527 0119 01       		.byte	0x1
 528 011a 16       		.byte	0x16
 529 011b 81000000 		.4byte	0x81
 530 011f 79000000 		.4byte	.LLST4
 531 0123 0C       		.uleb128 0xc
 532 0124 0E000000 		.4byte	.LVL3
 533 0128 29050000 		.4byte	0x529
 534 012c 0C       		.uleb128 0xc
 535 012d 14000000 		.4byte	.LVL4
 536 0131 34050000 		.4byte	0x534
 537 0135 0C       		.uleb128 0xc
 538 0136 18000000 		.4byte	.LVL5
 539 013a 3F050000 		.4byte	0x53f
 540 013e 0D       		.uleb128 0xd
 541 013f 1E000000 		.4byte	.LVL6
 542 0143 4A050000 		.4byte	0x54a
 543 0147 51010000 		.4byte	0x151
 544 014b 0E       		.uleb128 0xe
 545 014c 01       		.uleb128 0x1
 546 014d 50       		.byte	0x50
 547 014e 01       		.uleb128 0x1
 548 014f 30       		.byte	0x30
 549 0150 00       		.byte	0
 550 0151 0D       		.uleb128 0xd
 551 0152 26000000 		.4byte	.LVL8
 552 0156 4A050000 		.4byte	0x54a
 553 015a 64010000 		.4byte	0x164
 554 015e 0E       		.uleb128 0xe
ARM GAS  C:\Users\saksh\AppData\Local\Temp\cccJjV2N.s 			page 13


 555 015f 01       		.uleb128 0x1
 556 0160 50       		.byte	0x50
 557 0161 01       		.uleb128 0x1
 558 0162 31       		.byte	0x31
 559 0163 00       		.byte	0
 560 0164 0D       		.uleb128 0xd
 561 0165 34000000 		.4byte	.LVL10
 562 0169 55050000 		.4byte	0x555
 563 016d 77010000 		.4byte	0x177
 564 0171 0E       		.uleb128 0xe
 565 0172 01       		.uleb128 0x1
 566 0173 50       		.byte	0x50
 567 0174 01       		.uleb128 0x1
 568 0175 31       		.byte	0x31
 569 0176 00       		.byte	0
 570 0177 0D       		.uleb128 0xd
 571 0178 3C000000 		.4byte	.LVL11
 572 017c 60050000 		.4byte	0x560
 573 0180 8C010000 		.4byte	0x18c
 574 0184 0E       		.uleb128 0xe
 575 0185 01       		.uleb128 0x1
 576 0186 50       		.byte	0x50
 577 0187 03       		.uleb128 0x3
 578 0188 0A       		.byte	0xa
 579 0189 F401     		.2byte	0x1f4
 580 018b 00       		.byte	0
 581 018c 0D       		.uleb128 0xd
 582 018d 42000000 		.4byte	.LVL12
 583 0191 55050000 		.4byte	0x555
 584 0195 9F010000 		.4byte	0x19f
 585 0199 0E       		.uleb128 0xe
 586 019a 01       		.uleb128 0x1
 587 019b 50       		.byte	0x50
 588 019c 01       		.uleb128 0x1
 589 019d 30       		.byte	0x30
 590 019e 00       		.byte	0
 591 019f 0D       		.uleb128 0xd
 592 01a0 4A000000 		.4byte	.LVL13
 593 01a4 60050000 		.4byte	0x560
 594 01a8 B4010000 		.4byte	0x1b4
 595 01ac 0E       		.uleb128 0xe
 596 01ad 01       		.uleb128 0x1
 597 01ae 50       		.byte	0x50
 598 01af 03       		.uleb128 0x3
 599 01b0 0A       		.byte	0xa
 600 01b1 F401     		.2byte	0x1f4
 601 01b3 00       		.byte	0
 602 01b4 0D       		.uleb128 0xd
 603 01b5 52000000 		.4byte	.LVL15
 604 01b9 60050000 		.4byte	0x560
 605 01bd C8010000 		.4byte	0x1c8
 606 01c1 0E       		.uleb128 0xe
 607 01c2 01       		.uleb128 0x1
 608 01c3 50       		.byte	0x50
 609 01c4 02       		.uleb128 0x2
 610 01c5 08       		.byte	0x8
 611 01c6 64       		.byte	0x64
ARM GAS  C:\Users\saksh\AppData\Local\Temp\cccJjV2N.s 			page 14


 612 01c7 00       		.byte	0
 613 01c8 0C       		.uleb128 0xc
 614 01c9 56000000 		.4byte	.LVL16
 615 01cd 6B050000 		.4byte	0x56b
 616 01d1 0D       		.uleb128 0xd
 617 01d2 68000000 		.4byte	.LVL19
 618 01d6 76050000 		.4byte	0x576
 619 01da E4010000 		.4byte	0x1e4
 620 01de 0E       		.uleb128 0xe
 621 01df 01       		.uleb128 0x1
 622 01e0 50       		.byte	0x50
 623 01e1 01       		.uleb128 0x1
 624 01e2 31       		.byte	0x31
 625 01e3 00       		.byte	0
 626 01e4 0D       		.uleb128 0xd
 627 01e5 70000000 		.4byte	.LVL20
 628 01e9 60050000 		.4byte	0x560
 629 01ed F9010000 		.4byte	0x1f9
 630 01f1 0E       		.uleb128 0xe
 631 01f2 01       		.uleb128 0x1
 632 01f3 50       		.byte	0x50
 633 01f4 03       		.uleb128 0x3
 634 01f5 0A       		.byte	0xa
 635 01f6 F401     		.2byte	0x1f4
 636 01f8 00       		.byte	0
 637 01f9 0D       		.uleb128 0xd
 638 01fa 76000000 		.4byte	.LVL21
 639 01fe 76050000 		.4byte	0x576
 640 0202 0C020000 		.4byte	0x20c
 641 0206 0E       		.uleb128 0xe
 642 0207 01       		.uleb128 0x1
 643 0208 50       		.byte	0x50
 644 0209 01       		.uleb128 0x1
 645 020a 30       		.byte	0x30
 646 020b 00       		.byte	0
 647 020c 0D       		.uleb128 0xd
 648 020d 7E000000 		.4byte	.LVL22
 649 0211 60050000 		.4byte	0x560
 650 0215 21020000 		.4byte	0x221
 651 0219 0E       		.uleb128 0xe
 652 021a 01       		.uleb128 0x1
 653 021b 50       		.byte	0x50
 654 021c 03       		.uleb128 0x3
 655 021d 0A       		.byte	0xa
 656 021e F401     		.2byte	0x1f4
 657 0220 00       		.byte	0
 658 0221 0D       		.uleb128 0xd
 659 0222 86000000 		.4byte	.LVL24
 660 0226 60050000 		.4byte	0x560
 661 022a 35020000 		.4byte	0x235
 662 022e 0E       		.uleb128 0xe
 663 022f 01       		.uleb128 0x1
 664 0230 50       		.byte	0x50
 665 0231 02       		.uleb128 0x2
 666 0232 08       		.byte	0x8
 667 0233 64       		.byte	0x64
 668 0234 00       		.byte	0
ARM GAS  C:\Users\saksh\AppData\Local\Temp\cccJjV2N.s 			page 15


 669 0235 0C       		.uleb128 0xc
 670 0236 8A000000 		.4byte	.LVL25
 671 023a 6B050000 		.4byte	0x56b
 672 023e 00       		.byte	0
 673 023f 00       		.byte	0
 674 0240 0F       		.uleb128 0xf
 675 0241 04       		.byte	0x4
 676 0242 68000000 		.4byte	0x68
 677 0246 10       		.uleb128 0x10
 678 0247 60010000 		.4byte	.LASF44
 679 024b 01       		.byte	0x1
 680 024c 36       		.byte	0x36
 681 024d 68000000 		.4byte	0x68
 682 0251 00000000 		.4byte	.LFB64
 683 0255 F4000000 		.4byte	.LFE64-.LFB64
 684 0259 01       		.uleb128 0x1
 685 025a 9C       		.byte	0x9c
 686 025b 08050000 		.4byte	0x508
 687 025f 09       		.uleb128 0x9
 688 0260 1A020000 		.4byte	.LASF20
 689 0264 01       		.byte	0x1
 690 0265 38       		.byte	0x38
 691 0266 68000000 		.4byte	0x68
 692 026a AD000000 		.4byte	.LLST5
 693 026e 09       		.uleb128 0x9
 694 026f 50000000 		.4byte	.LASF21
 695 0273 01       		.byte	0x1
 696 0274 39       		.byte	0x39
 697 0275 68000000 		.4byte	0x68
 698 0279 E3000000 		.4byte	.LLST6
 699 027d 09       		.uleb128 0x9
 700 027e 2F010000 		.4byte	.LASF22
 701 0282 01       		.byte	0x1
 702 0283 3A       		.byte	0x3a
 703 0284 68000000 		.4byte	0x68
 704 0288 19010000 		.4byte	.LLST7
 705 028c 11       		.uleb128 0x11
 706 028d 36010000 		.4byte	.LASF23
 707 0291 01       		.byte	0x1
 708 0292 3B       		.byte	0x3b
 709 0293 68000000 		.4byte	0x68
 710 0297 00       		.byte	0
 711 0298 12       		.uleb128 0x12
 712 0299 18000000 		.4byte	.Ldebug_ranges0+0x18
 713 029d F5040000 		.4byte	0x4f5
 714 02a1 13       		.uleb128 0x13
 715 02a2 6A00     		.ascii	"j\000"
 716 02a4 01       		.byte	0x1
 717 02a5 40       		.byte	0x40
 718 02a6 68000000 		.4byte	0x68
 719 02aa 00       		.byte	0
 720 02ab 14       		.uleb128 0x14
 721 02ac 12000000 		.4byte	.LBB5
 722 02b0 CE000000 		.4byte	.LBE5-.LBB5
 723 02b4 09       		.uleb128 0x9
 724 02b5 FE010000 		.4byte	.LASF18
 725 02b9 01       		.byte	0x1
ARM GAS  C:\Users\saksh\AppData\Local\Temp\cccJjV2N.s 			page 16


 726 02ba 4A       		.byte	0x4a
 727 02bb 68000000 		.4byte	0x68
 728 02bf 38010000 		.4byte	.LLST8
 729 02c3 15       		.uleb128 0x15
 730 02c4 61727200 		.ascii	"arr\000"
 731 02c8 01       		.byte	0x1
 732 02c9 4B       		.byte	0x4b
 733 02ca 08050000 		.4byte	0x508
 734 02ce 03       		.uleb128 0x3
 735 02cf 91       		.byte	0x91
 736 02d0 E07C     		.sleb128 -416
 737 02d2 16       		.uleb128 0x16
 738 02d3 24000000 		.4byte	.LBB6
 739 02d7 5C000000 		.4byte	.LBE6-.LBB6
 740 02db AB030000 		.4byte	0x3ab
 741 02df 0B       		.uleb128 0xb
 742 02e0 6900     		.ascii	"i\000"
 743 02e2 01       		.byte	0x1
 744 02e3 4D       		.byte	0x4d
 745 02e4 68000000 		.4byte	0x68
 746 02e8 63010000 		.4byte	.LLST9
 747 02ec 14       		.uleb128 0x14
 748 02ed 28000000 		.4byte	.LBB7
 749 02f1 52000000 		.4byte	.LBE7-.LBB7
 750 02f5 09       		.uleb128 0x9
 751 02f6 10020000 		.4byte	.LASF24
 752 02fa 01       		.byte	0x1
 753 02fb 4E       		.byte	0x4e
 754 02fc 68000000 		.4byte	0x68
 755 0300 82010000 		.4byte	.LLST10
 756 0304 0C       		.uleb128 0xc
 757 0305 2C000000 		.4byte	.LVL38
 758 0309 81050000 		.4byte	0x581
 759 030d 0D       		.uleb128 0xd
 760 030e 46000000 		.4byte	.LVL41
 761 0312 55050000 		.4byte	0x555
 762 0316 20030000 		.4byte	0x320
 763 031a 0E       		.uleb128 0xe
 764 031b 01       		.uleb128 0x1
 765 031c 50       		.byte	0x50
 766 031d 01       		.uleb128 0x1
 767 031e 31       		.byte	0x31
 768 031f 00       		.byte	0
 769 0320 0D       		.uleb128 0xd
 770 0321 4E000000 		.4byte	.LVL42
 771 0325 60050000 		.4byte	0x560
 772 0329 35030000 		.4byte	0x335
 773 032d 0E       		.uleb128 0xe
 774 032e 01       		.uleb128 0x1
 775 032f 50       		.byte	0x50
 776 0330 03       		.uleb128 0x3
 777 0331 0A       		.byte	0xa
 778 0332 F401     		.2byte	0x1f4
 779 0334 00       		.byte	0
 780 0335 0D       		.uleb128 0xd
 781 0336 54000000 		.4byte	.LVL43
 782 033a 55050000 		.4byte	0x555
ARM GAS  C:\Users\saksh\AppData\Local\Temp\cccJjV2N.s 			page 17


 783 033e 48030000 		.4byte	0x348
 784 0342 0E       		.uleb128 0xe
 785 0343 01       		.uleb128 0x1
 786 0344 50       		.byte	0x50
 787 0345 01       		.uleb128 0x1
 788 0346 30       		.byte	0x30
 789 0347 00       		.byte	0
 790 0348 0D       		.uleb128 0xd
 791 0349 5C000000 		.4byte	.LVL44
 792 034d 60050000 		.4byte	0x560
 793 0351 5D030000 		.4byte	0x35d
 794 0355 0E       		.uleb128 0xe
 795 0356 01       		.uleb128 0x1
 796 0357 50       		.byte	0x50
 797 0358 03       		.uleb128 0x3
 798 0359 0A       		.byte	0xa
 799 035a F401     		.2byte	0x1f4
 800 035c 00       		.byte	0
 801 035d 0D       		.uleb128 0xd
 802 035e 64000000 		.4byte	.LVL47
 803 0362 76050000 		.4byte	0x576
 804 0366 70030000 		.4byte	0x370
 805 036a 0E       		.uleb128 0xe
 806 036b 01       		.uleb128 0x1
 807 036c 50       		.byte	0x50
 808 036d 01       		.uleb128 0x1
 809 036e 31       		.byte	0x31
 810 036f 00       		.byte	0
 811 0370 0D       		.uleb128 0xd
 812 0371 6C000000 		.4byte	.LVL48
 813 0375 60050000 		.4byte	0x560
 814 0379 85030000 		.4byte	0x385
 815 037d 0E       		.uleb128 0xe
 816 037e 01       		.uleb128 0x1
 817 037f 50       		.byte	0x50
 818 0380 03       		.uleb128 0x3
 819 0381 0A       		.byte	0xa
 820 0382 F401     		.2byte	0x1f4
 821 0384 00       		.byte	0
 822 0385 0D       		.uleb128 0xd
 823 0386 72000000 		.4byte	.LVL49
 824 038a 76050000 		.4byte	0x576
 825 038e 98030000 		.4byte	0x398
 826 0392 0E       		.uleb128 0xe
 827 0393 01       		.uleb128 0x1
 828 0394 50       		.byte	0x50
 829 0395 01       		.uleb128 0x1
 830 0396 30       		.byte	0x30
 831 0397 00       		.byte	0
 832 0398 17       		.uleb128 0x17
 833 0399 7A000000 		.4byte	.LVL50
 834 039d 60050000 		.4byte	0x560
 835 03a1 0E       		.uleb128 0xe
 836 03a2 01       		.uleb128 0x1
 837 03a3 50       		.byte	0x50
 838 03a4 03       		.uleb128 0x3
 839 03a5 0A       		.byte	0xa
ARM GAS  C:\Users\saksh\AppData\Local\Temp\cccJjV2N.s 			page 18


 840 03a6 F401     		.2byte	0x1f4
 841 03a8 00       		.byte	0
 842 03a9 00       		.byte	0
 843 03aa 00       		.byte	0
 844 03ab 0D       		.uleb128 0xd
 845 03ac 1A000000 		.4byte	.LVL34
 846 03b0 8C050000 		.4byte	0x58c
 847 03b4 C3030000 		.4byte	0x3c3
 848 03b8 0E       		.uleb128 0xe
 849 03b9 01       		.uleb128 0x1
 850 03ba 50       		.byte	0x50
 851 03bb 01       		.uleb128 0x1
 852 03bc 30       		.byte	0x30
 853 03bd 0E       		.uleb128 0xe
 854 03be 01       		.uleb128 0x1
 855 03bf 51       		.byte	0x51
 856 03c0 01       		.uleb128 0x1
 857 03c1 30       		.byte	0x30
 858 03c2 00       		.byte	0
 859 03c3 0D       		.uleb128 0xd
 860 03c4 20000000 		.4byte	.LVL35
 861 03c8 97050000 		.4byte	0x597
 862 03cc DA030000 		.4byte	0x3da
 863 03d0 0E       		.uleb128 0xe
 864 03d1 01       		.uleb128 0x1
 865 03d2 50       		.byte	0x50
 866 03d3 05       		.uleb128 0x5
 867 03d4 03       		.byte	0x3
 868 03d5 00000000 		.4byte	.LC0
 869 03d9 00       		.byte	0
 870 03da 0C       		.uleb128 0xc
 871 03db 24000000 		.4byte	.LVL36
 872 03df 6B050000 		.4byte	0x56b
 873 03e3 0D       		.uleb128 0xd
 874 03e4 88000000 		.4byte	.LVL52
 875 03e8 BC000000 		.4byte	0xbc
 876 03ec FD030000 		.4byte	0x3fd
 877 03f0 0E       		.uleb128 0xe
 878 03f1 01       		.uleb128 0x1
 879 03f2 50       		.byte	0x50
 880 03f3 02       		.uleb128 0x2
 881 03f4 7D       		.byte	0x7d
 882 03f5 00       		.sleb128 0
 883 03f6 0E       		.uleb128 0xe
 884 03f7 01       		.uleb128 0x1
 885 03f8 51       		.byte	0x51
 886 03f9 02       		.uleb128 0x2
 887 03fa 75       		.byte	0x75
 888 03fb 00       		.sleb128 0
 889 03fc 00       		.byte	0
 890 03fd 0D       		.uleb128 0xd
 891 03fe 94000000 		.4byte	.LVL54
 892 0402 8C050000 		.4byte	0x58c
 893 0406 15040000 		.4byte	0x415
 894 040a 0E       		.uleb128 0xe
 895 040b 01       		.uleb128 0x1
 896 040c 50       		.byte	0x50
ARM GAS  C:\Users\saksh\AppData\Local\Temp\cccJjV2N.s 			page 19


 897 040d 01       		.uleb128 0x1
 898 040e 30       		.byte	0x30
 899 040f 0E       		.uleb128 0xe
 900 0410 01       		.uleb128 0x1
 901 0411 51       		.byte	0x51
 902 0412 01       		.uleb128 0x1
 903 0413 30       		.byte	0x30
 904 0414 00       		.byte	0
 905 0415 0D       		.uleb128 0xd
 906 0416 9A000000 		.4byte	.LVL55
 907 041a 97050000 		.4byte	0x597
 908 041e 2C040000 		.4byte	0x42c
 909 0422 0E       		.uleb128 0xe
 910 0423 01       		.uleb128 0x1
 911 0424 50       		.byte	0x50
 912 0425 05       		.uleb128 0x5
 913 0426 03       		.byte	0x3
 914 0427 08000000 		.4byte	.LC1
 915 042b 00       		.byte	0
 916 042c 0D       		.uleb128 0xd
 917 042d A0000000 		.4byte	.LVL56
 918 0431 A2050000 		.4byte	0x5a2
 919 0435 44040000 		.4byte	0x444
 920 0439 0E       		.uleb128 0xe
 921 043a 01       		.uleb128 0x1
 922 043b 50       		.byte	0x50
 923 043c 06       		.uleb128 0x6
 924 043d 76       		.byte	0x76
 925 043e 00       		.sleb128 0
 926 043f 0A       		.byte	0xa
 927 0440 FFFF     		.2byte	0xffff
 928 0442 1A       		.byte	0x1a
 929 0443 00       		.byte	0
 930 0444 0D       		.uleb128 0xd
 931 0445 A8000000 		.4byte	.LVL57
 932 0449 60050000 		.4byte	0x560
 933 044d 59040000 		.4byte	0x459
 934 0451 0E       		.uleb128 0xe
 935 0452 01       		.uleb128 0x1
 936 0453 50       		.byte	0x50
 937 0454 03       		.uleb128 0x3
 938 0455 0A       		.byte	0xa
 939 0456 E803     		.2byte	0x3e8
 940 0458 00       		.byte	0
 941 0459 0D       		.uleb128 0xd
 942 045a B4000000 		.4byte	.LVL60
 943 045e 8C050000 		.4byte	0x58c
 944 0462 71040000 		.4byte	0x471
 945 0466 0E       		.uleb128 0xe
 946 0467 01       		.uleb128 0x1
 947 0468 50       		.byte	0x50
 948 0469 01       		.uleb128 0x1
 949 046a 30       		.byte	0x30
 950 046b 0E       		.uleb128 0xe
 951 046c 01       		.uleb128 0x1
 952 046d 51       		.byte	0x51
 953 046e 01       		.uleb128 0x1
ARM GAS  C:\Users\saksh\AppData\Local\Temp\cccJjV2N.s 			page 20


 954 046f 30       		.byte	0x30
 955 0470 00       		.byte	0
 956 0471 0D       		.uleb128 0xd
 957 0472 BA000000 		.4byte	.LVL61
 958 0476 97050000 		.4byte	0x597
 959 047a 88040000 		.4byte	0x488
 960 047e 0E       		.uleb128 0xe
 961 047f 01       		.uleb128 0x1
 962 0480 50       		.byte	0x50
 963 0481 05       		.uleb128 0x5
 964 0482 03       		.byte	0x3
 965 0483 10000000 		.4byte	.LC2
 966 0487 00       		.byte	0
 967 0488 0D       		.uleb128 0xd
 968 0489 C2000000 		.4byte	.LVL62
 969 048d 8C050000 		.4byte	0x58c
 970 0491 A0040000 		.4byte	0x4a0
 971 0495 0E       		.uleb128 0xe
 972 0496 01       		.uleb128 0x1
 973 0497 50       		.byte	0x50
 974 0498 01       		.uleb128 0x1
 975 0499 31       		.byte	0x31
 976 049a 0E       		.uleb128 0xe
 977 049b 01       		.uleb128 0x1
 978 049c 51       		.byte	0x51
 979 049d 01       		.uleb128 0x1
 980 049e 30       		.byte	0x30
 981 049f 00       		.byte	0
 982 04a0 0D       		.uleb128 0xd
 983 04a1 C8000000 		.4byte	.LVL63
 984 04a5 97050000 		.4byte	0x597
 985 04a9 B7040000 		.4byte	0x4b7
 986 04ad 0E       		.uleb128 0xe
 987 04ae 01       		.uleb128 0x1
 988 04af 50       		.byte	0x50
 989 04b0 05       		.uleb128 0x5
 990 04b1 03       		.byte	0x3
 991 04b2 08000000 		.4byte	.LC1
 992 04b6 00       		.byte	0
 993 04b7 0D       		.uleb128 0xd
 994 04b8 CE000000 		.4byte	.LVL64
 995 04bc A2050000 		.4byte	0x5a2
 996 04c0 CF040000 		.4byte	0x4cf
 997 04c4 0E       		.uleb128 0xe
 998 04c5 01       		.uleb128 0x1
 999 04c6 50       		.byte	0x50
 1000 04c7 06       		.uleb128 0x6
 1001 04c8 76       		.byte	0x76
 1002 04c9 00       		.sleb128 0
 1003 04ca 0A       		.byte	0xa
 1004 04cb FFFF     		.2byte	0xffff
 1005 04cd 1A       		.byte	0x1a
 1006 04ce 00       		.byte	0
 1007 04cf 0D       		.uleb128 0xd
 1008 04d0 D6000000 		.4byte	.LVL65
 1009 04d4 60050000 		.4byte	0x560
 1010 04d8 E4040000 		.4byte	0x4e4
ARM GAS  C:\Users\saksh\AppData\Local\Temp\cccJjV2N.s 			page 21


 1011 04dc 0E       		.uleb128 0xe
 1012 04dd 01       		.uleb128 0x1
 1013 04de 50       		.byte	0x50
 1014 04df 03       		.uleb128 0x3
 1015 04e0 0A       		.byte	0xa
 1016 04e1 8813     		.2byte	0x1388
 1017 04e3 00       		.byte	0
 1018 04e4 17       		.uleb128 0x17
 1019 04e5 DC000000 		.4byte	.LVL66
 1020 04e9 AD050000 		.4byte	0x5ad
 1021 04ed 0E       		.uleb128 0xe
 1022 04ee 01       		.uleb128 0x1
 1023 04ef 50       		.byte	0x50
 1024 04f0 01       		.uleb128 0x1
 1025 04f1 31       		.byte	0x31
 1026 04f2 00       		.byte	0
 1027 04f3 00       		.byte	0
 1028 04f4 00       		.byte	0
 1029 04f5 0C       		.uleb128 0xc
 1030 04f6 0A000000 		.4byte	.LVL31
 1031 04fa B8050000 		.4byte	0x5b8
 1032 04fe 0C       		.uleb128 0xc
 1033 04ff 0E000000 		.4byte	.LVL32
 1034 0503 C3050000 		.4byte	0x5c3
 1035 0507 00       		.byte	0
 1036 0508 18       		.uleb128 0x18
 1037 0509 68000000 		.4byte	0x68
 1038 050d 18050000 		.4byte	0x518
 1039 0511 19       		.uleb128 0x19
 1040 0512 B5000000 		.4byte	0xb5
 1041 0516 63       		.byte	0x63
 1042 0517 00       		.byte	0
 1043 0518 1A       		.uleb128 0x1a
 1044 0519 7C010000 		.4byte	.LASF45
 1045 051d 0C       		.byte	0xc
 1046 051e 1207     		.2byte	0x712
 1047 0520 24050000 		.4byte	0x524
 1048 0524 1B       		.uleb128 0x1b
 1049 0525 76000000 		.4byte	0x76
 1050 0529 1C       		.uleb128 0x1c
 1051 052a 02010000 		.4byte	.LASF25
 1052 052e 02010000 		.4byte	.LASF25
 1053 0532 05       		.byte	0x5
 1054 0533 99       		.byte	0x99
 1055 0534 1C       		.uleb128 0x1c
 1056 0535 DE010000 		.4byte	.LASF26
 1057 0539 DE010000 		.4byte	.LASF26
 1058 053d 06       		.byte	0x6
 1059 053e 9A       		.byte	0x9a
 1060 053f 1C       		.uleb128 0x1c
 1061 0540 44010000 		.4byte	.LASF27
 1062 0544 44010000 		.4byte	.LASF27
 1063 0548 05       		.byte	0x5
 1064 0549 9B       		.byte	0x9b
 1065 054a 1C       		.uleb128 0x1c
 1066 054b AE020000 		.4byte	.LASF28
 1067 054f AE020000 		.4byte	.LASF28
ARM GAS  C:\Users\saksh\AppData\Local\Temp\cccJjV2N.s 			page 22


 1068 0553 06       		.byte	0x6
 1069 0554 9C       		.byte	0x9c
 1070 0555 1C       		.uleb128 0x1c
 1071 0556 0E000000 		.4byte	.LASF29
 1072 055a 0E000000 		.4byte	.LASF29
 1073 055e 07       		.byte	0x7
 1074 055f 26       		.byte	0x26
 1075 0560 1C       		.uleb128 0x1c
 1076 0561 F7020000 		.4byte	.LASF30
 1077 0565 F7020000 		.4byte	.LASF30
 1078 0569 08       		.byte	0x8
 1079 056a 76       		.byte	0x76
 1080 056b 1C       		.uleb128 0x1c
 1081 056c D7020000 		.4byte	.LASF31
 1082 0570 D7020000 		.4byte	.LASF31
 1083 0574 06       		.byte	0x6
 1084 0575 96       		.byte	0x96
 1085 0576 1C       		.uleb128 0x1c
 1086 0577 25020000 		.4byte	.LASF32
 1087 057b 25020000 		.4byte	.LASF32
 1088 057f 09       		.byte	0x9
 1089 0580 26       		.byte	0x26
 1090 0581 1C       		.uleb128 0x1c
 1091 0582 FF020000 		.4byte	.LASF33
 1092 0586 FF020000 		.4byte	.LASF33
 1093 058a 0A       		.byte	0xa
 1094 058b 88       		.byte	0x88
 1095 058c 1C       		.uleb128 0x1c
 1096 058d AD010000 		.4byte	.LASF34
 1097 0591 AD010000 		.4byte	.LASF34
 1098 0595 0B       		.byte	0xb
 1099 0596 3D       		.byte	0x3d
 1100 0597 1C       		.uleb128 0x1c
 1101 0598 65010000 		.4byte	.LASF35
 1102 059c 65010000 		.4byte	.LASF35
 1103 05a0 0B       		.byte	0xb
 1104 05a1 3C       		.byte	0x3c
 1105 05a2 1C       		.uleb128 0x1c
 1106 05a3 BA010000 		.4byte	.LASF36
 1107 05a7 BA010000 		.4byte	.LASF36
 1108 05ab 0B       		.byte	0xb
 1109 05ac 61       		.byte	0x61
 1110 05ad 1C       		.uleb128 0x1c
 1111 05ae 40020000 		.4byte	.LASF37
 1112 05b2 40020000 		.4byte	.LASF37
 1113 05b6 0B       		.byte	0xb
 1114 05b7 3A       		.byte	0x3a
 1115 05b8 1C       		.uleb128 0x1c
 1116 05b9 5C000000 		.4byte	.LASF38
 1117 05bd 5C000000 		.4byte	.LASF38
 1118 05c1 0B       		.byte	0xb
 1119 05c2 38       		.byte	0x38
 1120 05c3 1C       		.uleb128 0x1c
 1121 05c4 41000000 		.4byte	.LASF39
 1122 05c8 41000000 		.4byte	.LASF39
 1123 05cc 05       		.byte	0x5
 1124 05cd 93       		.byte	0x93
ARM GAS  C:\Users\saksh\AppData\Local\Temp\cccJjV2N.s 			page 23


 1125 05ce 00       		.byte	0
 1126              		.section	.debug_abbrev,"",%progbits
 1127              	.Ldebug_abbrev0:
 1128 0000 01       		.uleb128 0x1
 1129 0001 11       		.uleb128 0x11
 1130 0002 01       		.byte	0x1
 1131 0003 25       		.uleb128 0x25
 1132 0004 0E       		.uleb128 0xe
 1133 0005 13       		.uleb128 0x13
 1134 0006 0B       		.uleb128 0xb
 1135 0007 03       		.uleb128 0x3
 1136 0008 0E       		.uleb128 0xe
 1137 0009 1B       		.uleb128 0x1b
 1138 000a 0E       		.uleb128 0xe
 1139 000b 55       		.uleb128 0x55
 1140 000c 17       		.uleb128 0x17
 1141 000d 11       		.uleb128 0x11
 1142 000e 01       		.uleb128 0x1
 1143 000f 10       		.uleb128 0x10
 1144 0010 17       		.uleb128 0x17
 1145 0011 00       		.byte	0
 1146 0012 00       		.byte	0
 1147 0013 02       		.uleb128 0x2
 1148 0014 24       		.uleb128 0x24
 1149 0015 00       		.byte	0
 1150 0016 0B       		.uleb128 0xb
 1151 0017 0B       		.uleb128 0xb
 1152 0018 3E       		.uleb128 0x3e
 1153 0019 0B       		.uleb128 0xb
 1154 001a 03       		.uleb128 0x3
 1155 001b 0E       		.uleb128 0xe
 1156 001c 00       		.byte	0
 1157 001d 00       		.byte	0
 1158 001e 03       		.uleb128 0x3
 1159 001f 16       		.uleb128 0x16
 1160 0020 00       		.byte	0
 1161 0021 03       		.uleb128 0x3
 1162 0022 0E       		.uleb128 0xe
 1163 0023 3A       		.uleb128 0x3a
 1164 0024 0B       		.uleb128 0xb
 1165 0025 3B       		.uleb128 0x3b
 1166 0026 0B       		.uleb128 0xb
 1167 0027 49       		.uleb128 0x49
 1168 0028 13       		.uleb128 0x13
 1169 0029 00       		.byte	0
 1170 002a 00       		.byte	0
 1171 002b 04       		.uleb128 0x4
 1172 002c 24       		.uleb128 0x24
 1173 002d 00       		.byte	0
 1174 002e 0B       		.uleb128 0xb
 1175 002f 0B       		.uleb128 0xb
 1176 0030 3E       		.uleb128 0x3e
 1177 0031 0B       		.uleb128 0xb
 1178 0032 03       		.uleb128 0x3
 1179 0033 08       		.uleb128 0x8
 1180 0034 00       		.byte	0
 1181 0035 00       		.byte	0
ARM GAS  C:\Users\saksh\AppData\Local\Temp\cccJjV2N.s 			page 24


 1182 0036 05       		.uleb128 0x5
 1183 0037 16       		.uleb128 0x16
 1184 0038 00       		.byte	0
 1185 0039 03       		.uleb128 0x3
 1186 003a 0E       		.uleb128 0xe
 1187 003b 3A       		.uleb128 0x3a
 1188 003c 0B       		.uleb128 0xb
 1189 003d 3B       		.uleb128 0x3b
 1190 003e 05       		.uleb128 0x5
 1191 003f 49       		.uleb128 0x49
 1192 0040 13       		.uleb128 0x13
 1193 0041 00       		.byte	0
 1194 0042 00       		.byte	0
 1195 0043 06       		.uleb128 0x6
 1196 0044 2E       		.uleb128 0x2e
 1197 0045 01       		.byte	0x1
 1198 0046 3F       		.uleb128 0x3f
 1199 0047 19       		.uleb128 0x19
 1200 0048 03       		.uleb128 0x3
 1201 0049 0E       		.uleb128 0xe
 1202 004a 3A       		.uleb128 0x3a
 1203 004b 0B       		.uleb128 0xb
 1204 004c 3B       		.uleb128 0x3b
 1205 004d 0B       		.uleb128 0xb
 1206 004e 27       		.uleb128 0x27
 1207 004f 19       		.uleb128 0x19
 1208 0050 49       		.uleb128 0x49
 1209 0051 13       		.uleb128 0x13
 1210 0052 11       		.uleb128 0x11
 1211 0053 01       		.uleb128 0x1
 1212 0054 12       		.uleb128 0x12
 1213 0055 06       		.uleb128 0x6
 1214 0056 40       		.uleb128 0x40
 1215 0057 18       		.uleb128 0x18
 1216 0058 9742     		.uleb128 0x2117
 1217 005a 19       		.uleb128 0x19
 1218 005b 01       		.uleb128 0x1
 1219 005c 13       		.uleb128 0x13
 1220 005d 00       		.byte	0
 1221 005e 00       		.byte	0
 1222 005f 07       		.uleb128 0x7
 1223 0060 05       		.uleb128 0x5
 1224 0061 00       		.byte	0
 1225 0062 03       		.uleb128 0x3
 1226 0063 08       		.uleb128 0x8
 1227 0064 3A       		.uleb128 0x3a
 1228 0065 0B       		.uleb128 0xb
 1229 0066 3B       		.uleb128 0x3b
 1230 0067 0B       		.uleb128 0xb
 1231 0068 49       		.uleb128 0x49
 1232 0069 13       		.uleb128 0x13
 1233 006a 02       		.uleb128 0x2
 1234 006b 17       		.uleb128 0x17
 1235 006c 00       		.byte	0
 1236 006d 00       		.byte	0
 1237 006e 08       		.uleb128 0x8
 1238 006f 05       		.uleb128 0x5
ARM GAS  C:\Users\saksh\AppData\Local\Temp\cccJjV2N.s 			page 25


 1239 0070 00       		.byte	0
 1240 0071 03       		.uleb128 0x3
 1241 0072 0E       		.uleb128 0xe
 1242 0073 3A       		.uleb128 0x3a
 1243 0074 0B       		.uleb128 0xb
 1244 0075 3B       		.uleb128 0x3b
 1245 0076 0B       		.uleb128 0xb
 1246 0077 49       		.uleb128 0x49
 1247 0078 13       		.uleb128 0x13
 1248 0079 02       		.uleb128 0x2
 1249 007a 17       		.uleb128 0x17
 1250 007b 00       		.byte	0
 1251 007c 00       		.byte	0
 1252 007d 09       		.uleb128 0x9
 1253 007e 34       		.uleb128 0x34
 1254 007f 00       		.byte	0
 1255 0080 03       		.uleb128 0x3
 1256 0081 0E       		.uleb128 0xe
 1257 0082 3A       		.uleb128 0x3a
 1258 0083 0B       		.uleb128 0xb
 1259 0084 3B       		.uleb128 0x3b
 1260 0085 0B       		.uleb128 0xb
 1261 0086 49       		.uleb128 0x49
 1262 0087 13       		.uleb128 0x13
 1263 0088 02       		.uleb128 0x2
 1264 0089 17       		.uleb128 0x17
 1265 008a 00       		.byte	0
 1266 008b 00       		.byte	0
 1267 008c 0A       		.uleb128 0xa
 1268 008d 0B       		.uleb128 0xb
 1269 008e 01       		.byte	0x1
 1270 008f 55       		.uleb128 0x55
 1271 0090 17       		.uleb128 0x17
 1272 0091 00       		.byte	0
 1273 0092 00       		.byte	0
 1274 0093 0B       		.uleb128 0xb
 1275 0094 34       		.uleb128 0x34
 1276 0095 00       		.byte	0
 1277 0096 03       		.uleb128 0x3
 1278 0097 08       		.uleb128 0x8
 1279 0098 3A       		.uleb128 0x3a
 1280 0099 0B       		.uleb128 0xb
 1281 009a 3B       		.uleb128 0x3b
 1282 009b 0B       		.uleb128 0xb
 1283 009c 49       		.uleb128 0x49
 1284 009d 13       		.uleb128 0x13
 1285 009e 02       		.uleb128 0x2
 1286 009f 17       		.uleb128 0x17
 1287 00a0 00       		.byte	0
 1288 00a1 00       		.byte	0
 1289 00a2 0C       		.uleb128 0xc
 1290 00a3 898201   		.uleb128 0x4109
 1291 00a6 00       		.byte	0
 1292 00a7 11       		.uleb128 0x11
 1293 00a8 01       		.uleb128 0x1
 1294 00a9 31       		.uleb128 0x31
 1295 00aa 13       		.uleb128 0x13
ARM GAS  C:\Users\saksh\AppData\Local\Temp\cccJjV2N.s 			page 26


 1296 00ab 00       		.byte	0
 1297 00ac 00       		.byte	0
 1298 00ad 0D       		.uleb128 0xd
 1299 00ae 898201   		.uleb128 0x4109
 1300 00b1 01       		.byte	0x1
 1301 00b2 11       		.uleb128 0x11
 1302 00b3 01       		.uleb128 0x1
 1303 00b4 31       		.uleb128 0x31
 1304 00b5 13       		.uleb128 0x13
 1305 00b6 01       		.uleb128 0x1
 1306 00b7 13       		.uleb128 0x13
 1307 00b8 00       		.byte	0
 1308 00b9 00       		.byte	0
 1309 00ba 0E       		.uleb128 0xe
 1310 00bb 8A8201   		.uleb128 0x410a
 1311 00be 00       		.byte	0
 1312 00bf 02       		.uleb128 0x2
 1313 00c0 18       		.uleb128 0x18
 1314 00c1 9142     		.uleb128 0x2111
 1315 00c3 18       		.uleb128 0x18
 1316 00c4 00       		.byte	0
 1317 00c5 00       		.byte	0
 1318 00c6 0F       		.uleb128 0xf
 1319 00c7 0F       		.uleb128 0xf
 1320 00c8 00       		.byte	0
 1321 00c9 0B       		.uleb128 0xb
 1322 00ca 0B       		.uleb128 0xb
 1323 00cb 49       		.uleb128 0x49
 1324 00cc 13       		.uleb128 0x13
 1325 00cd 00       		.byte	0
 1326 00ce 00       		.byte	0
 1327 00cf 10       		.uleb128 0x10
 1328 00d0 2E       		.uleb128 0x2e
 1329 00d1 01       		.byte	0x1
 1330 00d2 3F       		.uleb128 0x3f
 1331 00d3 19       		.uleb128 0x19
 1332 00d4 03       		.uleb128 0x3
 1333 00d5 0E       		.uleb128 0xe
 1334 00d6 3A       		.uleb128 0x3a
 1335 00d7 0B       		.uleb128 0xb
 1336 00d8 3B       		.uleb128 0x3b
 1337 00d9 0B       		.uleb128 0xb
 1338 00da 27       		.uleb128 0x27
 1339 00db 19       		.uleb128 0x19
 1340 00dc 49       		.uleb128 0x49
 1341 00dd 13       		.uleb128 0x13
 1342 00de 8701     		.uleb128 0x87
 1343 00e0 19       		.uleb128 0x19
 1344 00e1 11       		.uleb128 0x11
 1345 00e2 01       		.uleb128 0x1
 1346 00e3 12       		.uleb128 0x12
 1347 00e4 06       		.uleb128 0x6
 1348 00e5 40       		.uleb128 0x40
 1349 00e6 18       		.uleb128 0x18
 1350 00e7 9742     		.uleb128 0x2117
 1351 00e9 19       		.uleb128 0x19
 1352 00ea 01       		.uleb128 0x1
ARM GAS  C:\Users\saksh\AppData\Local\Temp\cccJjV2N.s 			page 27


 1353 00eb 13       		.uleb128 0x13
 1354 00ec 00       		.byte	0
 1355 00ed 00       		.byte	0
 1356 00ee 11       		.uleb128 0x11
 1357 00ef 34       		.uleb128 0x34
 1358 00f0 00       		.byte	0
 1359 00f1 03       		.uleb128 0x3
 1360 00f2 0E       		.uleb128 0xe
 1361 00f3 3A       		.uleb128 0x3a
 1362 00f4 0B       		.uleb128 0xb
 1363 00f5 3B       		.uleb128 0x3b
 1364 00f6 0B       		.uleb128 0xb
 1365 00f7 49       		.uleb128 0x49
 1366 00f8 13       		.uleb128 0x13
 1367 00f9 1C       		.uleb128 0x1c
 1368 00fa 0B       		.uleb128 0xb
 1369 00fb 00       		.byte	0
 1370 00fc 00       		.byte	0
 1371 00fd 12       		.uleb128 0x12
 1372 00fe 0B       		.uleb128 0xb
 1373 00ff 01       		.byte	0x1
 1374 0100 55       		.uleb128 0x55
 1375 0101 17       		.uleb128 0x17
 1376 0102 01       		.uleb128 0x1
 1377 0103 13       		.uleb128 0x13
 1378 0104 00       		.byte	0
 1379 0105 00       		.byte	0
 1380 0106 13       		.uleb128 0x13
 1381 0107 34       		.uleb128 0x34
 1382 0108 00       		.byte	0
 1383 0109 03       		.uleb128 0x3
 1384 010a 08       		.uleb128 0x8
 1385 010b 3A       		.uleb128 0x3a
 1386 010c 0B       		.uleb128 0xb
 1387 010d 3B       		.uleb128 0x3b
 1388 010e 0B       		.uleb128 0xb
 1389 010f 49       		.uleb128 0x49
 1390 0110 13       		.uleb128 0x13
 1391 0111 1C       		.uleb128 0x1c
 1392 0112 0B       		.uleb128 0xb
 1393 0113 00       		.byte	0
 1394 0114 00       		.byte	0
 1395 0115 14       		.uleb128 0x14
 1396 0116 0B       		.uleb128 0xb
 1397 0117 01       		.byte	0x1
 1398 0118 11       		.uleb128 0x11
 1399 0119 01       		.uleb128 0x1
 1400 011a 12       		.uleb128 0x12
 1401 011b 06       		.uleb128 0x6
 1402 011c 00       		.byte	0
 1403 011d 00       		.byte	0
 1404 011e 15       		.uleb128 0x15
 1405 011f 34       		.uleb128 0x34
 1406 0120 00       		.byte	0
 1407 0121 03       		.uleb128 0x3
 1408 0122 08       		.uleb128 0x8
 1409 0123 3A       		.uleb128 0x3a
ARM GAS  C:\Users\saksh\AppData\Local\Temp\cccJjV2N.s 			page 28


 1410 0124 0B       		.uleb128 0xb
 1411 0125 3B       		.uleb128 0x3b
 1412 0126 0B       		.uleb128 0xb
 1413 0127 49       		.uleb128 0x49
 1414 0128 13       		.uleb128 0x13
 1415 0129 02       		.uleb128 0x2
 1416 012a 18       		.uleb128 0x18
 1417 012b 00       		.byte	0
 1418 012c 00       		.byte	0
 1419 012d 16       		.uleb128 0x16
 1420 012e 0B       		.uleb128 0xb
 1421 012f 01       		.byte	0x1
 1422 0130 11       		.uleb128 0x11
 1423 0131 01       		.uleb128 0x1
 1424 0132 12       		.uleb128 0x12
 1425 0133 06       		.uleb128 0x6
 1426 0134 01       		.uleb128 0x1
 1427 0135 13       		.uleb128 0x13
 1428 0136 00       		.byte	0
 1429 0137 00       		.byte	0
 1430 0138 17       		.uleb128 0x17
 1431 0139 898201   		.uleb128 0x4109
 1432 013c 01       		.byte	0x1
 1433 013d 11       		.uleb128 0x11
 1434 013e 01       		.uleb128 0x1
 1435 013f 31       		.uleb128 0x31
 1436 0140 13       		.uleb128 0x13
 1437 0141 00       		.byte	0
 1438 0142 00       		.byte	0
 1439 0143 18       		.uleb128 0x18
 1440 0144 01       		.uleb128 0x1
 1441 0145 01       		.byte	0x1
 1442 0146 49       		.uleb128 0x49
 1443 0147 13       		.uleb128 0x13
 1444 0148 01       		.uleb128 0x1
 1445 0149 13       		.uleb128 0x13
 1446 014a 00       		.byte	0
 1447 014b 00       		.byte	0
 1448 014c 19       		.uleb128 0x19
 1449 014d 21       		.uleb128 0x21
 1450 014e 00       		.byte	0
 1451 014f 49       		.uleb128 0x49
 1452 0150 13       		.uleb128 0x13
 1453 0151 2F       		.uleb128 0x2f
 1454 0152 0B       		.uleb128 0xb
 1455 0153 00       		.byte	0
 1456 0154 00       		.byte	0
 1457 0155 1A       		.uleb128 0x1a
 1458 0156 34       		.uleb128 0x34
 1459 0157 00       		.byte	0
 1460 0158 03       		.uleb128 0x3
 1461 0159 0E       		.uleb128 0xe
 1462 015a 3A       		.uleb128 0x3a
 1463 015b 0B       		.uleb128 0xb
 1464 015c 3B       		.uleb128 0x3b
 1465 015d 05       		.uleb128 0x5
 1466 015e 49       		.uleb128 0x49
ARM GAS  C:\Users\saksh\AppData\Local\Temp\cccJjV2N.s 			page 29


 1467 015f 13       		.uleb128 0x13
 1468 0160 3F       		.uleb128 0x3f
 1469 0161 19       		.uleb128 0x19
 1470 0162 3C       		.uleb128 0x3c
 1471 0163 19       		.uleb128 0x19
 1472 0164 00       		.byte	0
 1473 0165 00       		.byte	0
 1474 0166 1B       		.uleb128 0x1b
 1475 0167 35       		.uleb128 0x35
 1476 0168 00       		.byte	0
 1477 0169 49       		.uleb128 0x49
 1478 016a 13       		.uleb128 0x13
 1479 016b 00       		.byte	0
 1480 016c 00       		.byte	0
 1481 016d 1C       		.uleb128 0x1c
 1482 016e 2E       		.uleb128 0x2e
 1483 016f 00       		.byte	0
 1484 0170 3F       		.uleb128 0x3f
 1485 0171 19       		.uleb128 0x19
 1486 0172 3C       		.uleb128 0x3c
 1487 0173 19       		.uleb128 0x19
 1488 0174 6E       		.uleb128 0x6e
 1489 0175 0E       		.uleb128 0xe
 1490 0176 03       		.uleb128 0x3
 1491 0177 0E       		.uleb128 0xe
 1492 0178 3A       		.uleb128 0x3a
 1493 0179 0B       		.uleb128 0xb
 1494 017a 3B       		.uleb128 0x3b
 1495 017b 0B       		.uleb128 0xb
 1496 017c 00       		.byte	0
 1497 017d 00       		.byte	0
 1498 017e 00       		.byte	0
 1499              		.section	.debug_loc,"",%progbits
 1500              	.Ldebug_loc0:
 1501              	.LLST0:
 1502 0000 00000000 		.4byte	.LVL0
 1503 0004 0A000000 		.4byte	.LVL2
 1504 0008 0100     		.2byte	0x1
 1505 000a 50       		.byte	0x50
 1506 000b 0A000000 		.4byte	.LVL2
 1507 000f 9A000000 		.4byte	.LFE63
 1508 0013 0100     		.2byte	0x1
 1509 0015 57       		.byte	0x57
 1510 0016 00000000 		.4byte	0
 1511 001a 00000000 		.4byte	0
 1512              	.LLST1:
 1513 001e 00000000 		.4byte	.LVL0
 1514 0022 0A000000 		.4byte	.LVL2
 1515 0026 0100     		.2byte	0x1
 1516 0028 51       		.byte	0x51
 1517 0029 0A000000 		.4byte	.LVL2
 1518 002d 9A000000 		.4byte	.LFE63
 1519 0031 0100     		.2byte	0x1
 1520 0033 56       		.byte	0x56
 1521 0034 00000000 		.4byte	0
 1522 0038 00000000 		.4byte	0
 1523              	.LLST2:
ARM GAS  C:\Users\saksh\AppData\Local\Temp\cccJjV2N.s 			page 30


 1524 003c 06000000 		.4byte	.LVL1
 1525 0040 0A000000 		.4byte	.LVL2
 1526 0044 0200     		.2byte	0x2
 1527 0046 30       		.byte	0x30
 1528 0047 9F       		.byte	0x9f
 1529 0048 0A000000 		.4byte	.LVL2
 1530 004c 9A000000 		.4byte	.LFE63
 1531 0050 0100     		.2byte	0x1
 1532 0052 54       		.byte	0x54
 1533 0053 00000000 		.4byte	0
 1534 0057 00000000 		.4byte	0
 1535              	.LLST3:
 1536 005b 20000000 		.4byte	.LVL7
 1537 005f 8A000000 		.4byte	.LVL25
 1538 0063 0100     		.2byte	0x1
 1539 0065 55       		.byte	0x55
 1540 0066 92000000 		.4byte	.LVL26
 1541 006a 9A000000 		.4byte	.LFE63
 1542 006e 0100     		.2byte	0x1
 1543 0070 55       		.byte	0x55
 1544 0071 00000000 		.4byte	0
 1545 0075 00000000 		.4byte	0
 1546              	.LLST4:
 1547 0079 26000000 		.4byte	.LVL8
 1548 007d 30000000 		.4byte	.LVL9
 1549 0081 0100     		.2byte	0x1
 1550 0083 50       		.byte	0x50
 1551 0084 58000000 		.4byte	.LVL17
 1552 0088 64000000 		.4byte	.LVL18
 1553 008c 0100     		.2byte	0x1
 1554 008e 50       		.byte	0x50
 1555 008f 92000000 		.4byte	.LVL26
 1556 0093 94000000 		.4byte	.LVL27
 1557 0097 0100     		.2byte	0x1
 1558 0099 50       		.byte	0x50
 1559 009a 96000000 		.4byte	.LVL28
 1560 009e 98000000 		.4byte	.LVL29
 1561 00a2 0100     		.2byte	0x1
 1562 00a4 50       		.byte	0x50
 1563 00a5 00000000 		.4byte	0
 1564 00a9 00000000 		.4byte	0
 1565              	.LLST5:
 1566 00ad 06000000 		.4byte	.LVL30
 1567 00b1 12000000 		.4byte	.LVL33
 1568 00b5 0200     		.2byte	0x2
 1569 00b7 31       		.byte	0x31
 1570 00b8 9F       		.byte	0x9f
 1571 00b9 12000000 		.4byte	.LVL33
 1572 00bd CE000000 		.4byte	.LVL64
 1573 00c1 0100     		.2byte	0x1
 1574 00c3 55       		.byte	0x55
 1575 00c4 CE000000 		.4byte	.LVL64
 1576 00c8 E0000000 		.4byte	.LVL68
 1577 00cc 0200     		.2byte	0x2
 1578 00ce 31       		.byte	0x31
 1579 00cf 9F       		.byte	0x9f
 1580 00d0 E0000000 		.4byte	.LVL68
ARM GAS  C:\Users\saksh\AppData\Local\Temp\cccJjV2N.s 			page 31


 1581 00d4 F4000000 		.4byte	.LFE64
 1582 00d8 0100     		.2byte	0x1
 1583 00da 55       		.byte	0x55
 1584 00db 00000000 		.4byte	0
 1585 00df 00000000 		.4byte	0
 1586              	.LLST6:
 1587 00e3 06000000 		.4byte	.LVL30
 1588 00e7 12000000 		.4byte	.LVL33
 1589 00eb 0200     		.2byte	0x2
 1590 00ed 30       		.byte	0x30
 1591 00ee 9F       		.byte	0x9f
 1592 00ef 12000000 		.4byte	.LVL33
 1593 00f3 CE000000 		.4byte	.LVL64
 1594 00f7 0100     		.2byte	0x1
 1595 00f9 56       		.byte	0x56
 1596 00fa CE000000 		.4byte	.LVL64
 1597 00fe E0000000 		.4byte	.LVL68
 1598 0102 0200     		.2byte	0x2
 1599 0104 30       		.byte	0x30
 1600 0105 9F       		.byte	0x9f
 1601 0106 E0000000 		.4byte	.LVL68
 1602 010a F4000000 		.4byte	.LFE64
 1603 010e 0100     		.2byte	0x1
 1604 0110 56       		.byte	0x56
 1605 0111 00000000 		.4byte	0
 1606 0115 00000000 		.4byte	0
 1607              	.LLST7:
 1608 0119 06000000 		.4byte	.LVL30
 1609 011d 12000000 		.4byte	.LVL33
 1610 0121 0200     		.2byte	0x2
 1611 0123 30       		.byte	0x30
 1612 0124 9F       		.byte	0x9f
 1613 0125 AC000000 		.4byte	.LVL59
 1614 0129 DE000000 		.4byte	.LVL67
 1615 012d 0100     		.2byte	0x1
 1616 012f 56       		.byte	0x56
 1617 0130 00000000 		.4byte	0
 1618 0134 00000000 		.4byte	0
 1619              	.LLST8:
 1620 0138 24000000 		.4byte	.LVL36
 1621 013c AA000000 		.4byte	.LVL58
 1622 0140 0100     		.2byte	0x1
 1623 0142 55       		.byte	0x55
 1624 0143 AA000000 		.4byte	.LVL58
 1625 0147 AC000000 		.4byte	.LVL59
 1626 014b 0300     		.2byte	0x3
 1627 014d 75       		.byte	0x75
 1628 014e 7F       		.sleb128 -1
 1629 014f 9F       		.byte	0x9f
 1630 0150 AC000000 		.4byte	.LVL59
 1631 0154 E0000000 		.4byte	.LVL68
 1632 0158 0100     		.2byte	0x1
 1633 015a 55       		.byte	0x55
 1634 015b 00000000 		.4byte	0
 1635 015f 00000000 		.4byte	0
 1636              	.LLST9:
 1637 0163 24000000 		.4byte	.LVL36
ARM GAS  C:\Users\saksh\AppData\Local\Temp\cccJjV2N.s 			page 32


 1638 0167 28000000 		.4byte	.LVL37
 1639 016b 0200     		.2byte	0x2
 1640 016d 30       		.byte	0x30
 1641 016e 9F       		.byte	0x9f
 1642 016f 28000000 		.4byte	.LVL37
 1643 0173 F4000000 		.4byte	.LFE64
 1644 0177 0100     		.2byte	0x1
 1645 0179 54       		.byte	0x54
 1646 017a 00000000 		.4byte	0
 1647 017e 00000000 		.4byte	0
 1648              	.LLST10:
 1649 0182 3A000000 		.4byte	.LVL39
 1650 0186 42000000 		.4byte	.LVL40
 1651 018a 0100     		.2byte	0x1
 1652 018c 50       		.byte	0x50
 1653 018d 42000000 		.4byte	.LVL40
 1654 0191 45000000 		.4byte	.LVL41-1
 1655 0195 0B00     		.2byte	0xb
 1656 0197 74       		.byte	0x74
 1657 0198 00       		.sleb128 0
 1658 0199 32       		.byte	0x32
 1659 019a 24       		.byte	0x24
 1660 019b 91       		.byte	0x91
 1661 019c 00       		.sleb128 0
 1662 019d 22       		.byte	0x22
 1663 019e 0A       		.byte	0xa
 1664 019f A001     		.2byte	0x1a0
 1665 01a1 1C       		.byte	0x1c
 1666 01a2 5E000000 		.4byte	.LVL45
 1667 01a6 60000000 		.4byte	.LVL46
 1668 01aa 0100     		.2byte	0x1
 1669 01ac 50       		.byte	0x50
 1670 01ad 60000000 		.4byte	.LVL46
 1671 01b1 63000000 		.4byte	.LVL47-1
 1672 01b5 0B00     		.2byte	0xb
 1673 01b7 74       		.byte	0x74
 1674 01b8 00       		.sleb128 0
 1675 01b9 32       		.byte	0x32
 1676 01ba 24       		.byte	0x24
 1677 01bb 91       		.byte	0x91
 1678 01bc 00       		.sleb128 0
 1679 01bd 22       		.byte	0x22
 1680 01be 0A       		.byte	0xa
 1681 01bf A001     		.2byte	0x1a0
 1682 01c1 1C       		.byte	0x1c
 1683 01c2 00000000 		.4byte	0
 1684 01c6 00000000 		.4byte	0
 1685              		.section	.debug_aranges,"",%progbits
 1686 0000 24000000 		.4byte	0x24
 1687 0004 0200     		.2byte	0x2
 1688 0006 00000000 		.4byte	.Ldebug_info0
 1689 000a 04       		.byte	0x4
 1690 000b 00       		.byte	0
 1691 000c 0000     		.2byte	0
 1692 000e 0000     		.2byte	0
 1693 0010 00000000 		.4byte	.LFB63
 1694 0014 9A000000 		.4byte	.LFE63-.LFB63
ARM GAS  C:\Users\saksh\AppData\Local\Temp\cccJjV2N.s 			page 33


 1695 0018 00000000 		.4byte	.LFB64
 1696 001c F4000000 		.4byte	.LFE64-.LFB64
 1697 0020 00000000 		.4byte	0
 1698 0024 00000000 		.4byte	0
 1699              		.section	.debug_ranges,"",%progbits
 1700              	.Ldebug_ranges0:
 1701 0000 0A000000 		.4byte	.LBB2
 1702 0004 8A000000 		.4byte	.LBE2
 1703 0008 92000000 		.4byte	.LBB3
 1704 000c 98000000 		.4byte	.LBE3
 1705 0010 00000000 		.4byte	0
 1706 0014 00000000 		.4byte	0
 1707 0018 0E000000 		.4byte	.LBB4
 1708 001c 10000000 		.4byte	.LBE4
 1709 0020 12000000 		.4byte	.LBB8
 1710 0024 F4000000 		.4byte	.LBE8
 1711 0028 00000000 		.4byte	0
 1712 002c 00000000 		.4byte	0
 1713 0030 00000000 		.4byte	.LFB63
 1714 0034 9A000000 		.4byte	.LFE63
 1715 0038 00000000 		.4byte	.LFB64
 1716 003c F4000000 		.4byte	.LFE64
 1717 0040 00000000 		.4byte	0
 1718 0044 00000000 		.4byte	0
 1719              		.section	.debug_line,"",%progbits
 1720              	.Ldebug_line0:
 1721 0000 8E020000 		.section	.debug_str,"MS",%progbits,1
 1721      02000902 
 1721      00000201 
 1721      FB0E0D00 
 1721      01010101 
 1722              	.LASF6:
 1723 0000 6C6F6E67 		.ascii	"long long int\000"
 1723      206C6F6E 
 1723      6720696E 
 1723      7400
 1724              	.LASF29:
 1725 000e 4C454431 		.ascii	"LED1_Write\000"
 1725      5F577269 
 1725      746500
 1726              	.LASF9:
 1727 0019 5F5F696E 		.ascii	"__int32_t\000"
 1727      7433325F 
 1727      7400
 1728              	.LASF43:
 1729 0023 63686563 		.ascii	"checkInput\000"
 1729      6B496E70 
 1729      757400
 1730              	.LASF3:
 1731 002e 73686F72 		.ascii	"short unsigned int\000"
 1731      7420756E 
 1731      7369676E 
 1731      65642069 
 1731      6E7400
 1732              	.LASF39:
 1733 0041 43617053 		.ascii	"CapSense_Start\000"
 1733      656E7365 
ARM GAS  C:\Users\saksh\AppData\Local\Temp\cccJjV2N.s 			page 34


 1733      5F537461 
 1733      727400
 1734              	.LASF21:
 1735 0050 73636F72 		.ascii	"score\000"
 1735      6500
 1736              	.LASF13:
 1737 0056 666C6F61 		.ascii	"float\000"
 1737      7400
 1738              	.LASF38:
 1739 005c 4C43445F 		.ascii	"LCD_Start\000"
 1739      53746172 
 1739      7400
 1740              	.LASF1:
 1741 0066 756E7369 		.ascii	"unsigned char\000"
 1741      676E6564 
 1741      20636861 
 1741      7200
 1742              	.LASF40:
 1743 0074 474E5520 		.ascii	"GNU C11 5.4.1 20160609 (release) [ARM/embedded-5-br"
 1743      43313120 
 1743      352E342E 
 1743      31203230 
 1743      31363036 
 1744 00a7 616E6368 		.ascii	"anch revision 237715] -mcpu=cortex-m3 -mthumb -g -O"
 1744      20726576 
 1744      6973696F 
 1744      6E203233 
 1744      37373135 
 1745 00da 67202D66 		.ascii	"g -ffunction-sections -ffat-lto-objects\000"
 1745      66756E63 
 1745      74696F6E 
 1745      2D736563 
 1745      74696F6E 
 1746              	.LASF25:
 1747 0102 43617053 		.ascii	"CapSense_IsBusy\000"
 1747      656E7365 
 1747      5F497342 
 1747      75737900 
 1748              	.LASF19:
 1749 0112 696E7075 		.ascii	"inputIndex\000"
 1749      74496E64 
 1749      657800
 1750              	.LASF5:
 1751 011d 6C6F6E67 		.ascii	"long unsigned int\000"
 1751      20756E73 
 1751      69676E65 
 1751      6420696E 
 1751      7400
 1752              	.LASF22:
 1753 012f 73636F72 		.ascii	"score1\000"
 1753      653100
 1754              	.LASF23:
 1755 0136 73636F72 		.ascii	"score2\000"
 1755      653200
 1756              	.LASF14:
 1757 013d 646F7562 		.ascii	"double\000"
 1757      6C6500
ARM GAS  C:\Users\saksh\AppData\Local\Temp\cccJjV2N.s 			page 35


 1758              	.LASF27:
 1759 0144 43617053 		.ascii	"CapSense_ScanEnabledWidgets\000"
 1759      656E7365 
 1759      5F536361 
 1759      6E456E61 
 1759      626C6564 
 1760              	.LASF44:
 1761 0160 6D61696E 		.ascii	"main\000"
 1761      00
 1762              	.LASF35:
 1763 0165 4C43445F 		.ascii	"LCD_PrintString\000"
 1763      5072696E 
 1763      74537472 
 1763      696E6700 
 1764              	.LASF12:
 1765 0175 75696E74 		.ascii	"uint16\000"
 1765      313600
 1766              	.LASF45:
 1767 017c 49544D5F 		.ascii	"ITM_RxBuffer\000"
 1767      52784275 
 1767      66666572 
 1767      00
 1768              	.LASF8:
 1769 0189 756E7369 		.ascii	"unsigned int\000"
 1769      676E6564 
 1769      20696E74 
 1769      00
 1770              	.LASF7:
 1771 0196 6C6F6E67 		.ascii	"long long unsigned int\000"
 1771      206C6F6E 
 1771      6720756E 
 1771      7369676E 
 1771      65642069 
 1772              	.LASF34:
 1773 01ad 4C43445F 		.ascii	"LCD_Position\000"
 1773      506F7369 
 1773      74696F6E 
 1773      00
 1774              	.LASF36:
 1775 01ba 4C43445F 		.ascii	"LCD_PrintU32Number\000"
 1775      5072696E 
 1775      74553332 
 1775      4E756D62 
 1775      657200
 1776              	.LASF10:
 1777 01cd 696E7433 		.ascii	"int32_t\000"
 1777      325F7400 
 1778              	.LASF17:
 1779 01d5 73697A65 		.ascii	"sizetype\000"
 1779      74797065 
 1779      00
 1780              	.LASF26:
 1781 01de 43617053 		.ascii	"CapSense_UpdateEnabledBaselines\000"
 1781      656E7365 
 1781      5F557064 
 1781      61746545 
 1781      6E61626C 
ARM GAS  C:\Users\saksh\AppData\Local\Temp\cccJjV2N.s 			page 36


 1782              	.LASF18:
 1783 01fe 6C657665 		.ascii	"level\000"
 1783      6C00
 1784              	.LASF41:
 1785 0204 6D61696E 		.ascii	"main.c\000"
 1785      2E6300
 1786              	.LASF15:
 1787 020b 63686172 		.ascii	"char\000"
 1787      00
 1788              	.LASF24:
 1789 0210 72616E64 		.ascii	"randomNum\000"
 1789      6F6D4E75 
 1789      6D00
 1790              	.LASF20:
 1791 021a 6C657665 		.ascii	"levelCount\000"
 1791      6C436F75 
 1791      6E7400
 1792              	.LASF32:
 1793 0225 4C454432 		.ascii	"LED2_Write\000"
 1793      5F577269 
 1793      746500
 1794              	.LASF2:
 1795 0230 73686F72 		.ascii	"short int\000"
 1795      7420696E 
 1795      7400
 1796              	.LASF11:
 1797 023a 75696E74 		.ascii	"uint8\000"
 1797      3800
 1798              	.LASF37:
 1799 0240 4C43445F 		.ascii	"LCD_WriteControl\000"
 1799      57726974 
 1799      65436F6E 
 1799      74726F6C 
 1799      00
 1800              	.LASF4:
 1801 0251 6C6F6E67 		.ascii	"long int\000"
 1801      20696E74 
 1801      00
 1802              	.LASF42:
 1803 025a 433A5C55 		.ascii	"C:\\Users\\saksh\\OneDrive\\Documents\\PSoC Creator"
 1803      73657273 
 1803      5C73616B 
 1803      73685C4F 
 1803      6E654472 
 1804 0288 5C67616D 		.ascii	"\\game\\endSemProject.cydsn\000"
 1804      655C656E 
 1804      6453656D 
 1804      50726F6A 
 1804      6563742E 
 1805              	.LASF16:
 1806 02a2 6C6F6E67 		.ascii	"long double\000"
 1806      20646F75 
 1806      626C6500 
 1807              	.LASF28:
 1808 02ae 43617053 		.ascii	"CapSense_CheckIsWidgetActive\000"
 1808      656E7365 
 1808      5F436865 
ARM GAS  C:\Users\saksh\AppData\Local\Temp\cccJjV2N.s 			page 37


 1808      636B4973 
 1808      57696467 
 1809              	.LASF0:
 1810 02cb 7369676E 		.ascii	"signed char\000"
 1810      65642063 
 1810      68617200 
 1811              	.LASF31:
 1812 02d7 43617053 		.ascii	"CapSense_InitializeAllBaselines\000"
 1812      656E7365 
 1812      5F496E69 
 1812      7469616C 
 1812      697A6541 
 1813              	.LASF30:
 1814 02f7 43794465 		.ascii	"CyDelay\000"
 1814      6C617900 
 1815              	.LASF33:
 1816 02ff 72616E64 		.ascii	"rand\000"
 1816      00
 1817              		.ident	"GCC: (GNU Tools for ARM Embedded Processors) 5.4.1 20160609 (release) [ARM/embedded-5-bran
